facebook-android-sdk-3.20.0/samples/HelloFacebookSample/build/outputs/apk/manifest-merger-debug-report.txt
-- Merging decision tree log ---
manifest
ADDED from AndroidManifest.xml:2:1
	package
		ADDED from AndroidManifest.xml:3:11
	android:versionName
		ADDED from AndroidManifest.xml:5:11
	android:versionCode
		ADDED from AndroidManifest.xml:4:11
		INJECTED from AndroidManifest.xml:0:0
		INJECTED from AndroidManifest.xml:0:0
	xmlns:android
		ADDED from AndroidManifest.xml:2:11
uses-sdk
ADDED from AndroidManifest.xml:6:5
MERGED from com.facebook.android:facebook:3.20.0:20:5
MERGED from com.android.support:support-v4:20.0.0:16:5
	android:targetSdkVersion
		INJECTED from AndroidManifest.xml:0:0
		INJECTED from AndroidManifest.xml:0:0
	android:minSdkVersion
		ADDED from AndroidManifest.xml:6:15
		INJECTED from AndroidManifest.xml:0:0
		INJECTED from AndroidManifest.xml:0:0
uses-permission#android.permission.INTERNET
ADDED from AndroidManifest.xml:7:5
	android:name
		ADDED from AndroidManifest.xml:7:22
uses-permission#android.permission.WRITE_EXTERNAL_STORAGE
ADDED from AndroidManifest.xml:8:5
	android:name
		ADDED from AndroidManifest.xml:8:22
application
ADDED from AndroidManifest.xml:9:5
MERGED from com.facebook.android:facebook:3.20.0:24:5
MERGED from com.android.support:support-v4:20.0.0:17:5
	android:label
		ADDED from AndroidManifest.xml:9:18
	android:icon
		ADDED from AndroidManifest.xml:10:18
	android:theme
		ADDED from AndroidManifest.xml:11:18
activity#com.facebook.samples.hellofacebook.HelloFacebookSampleActivity
ADDED from AndroidManifest.xml:13:9
	android:label
		ADDED from AndroidManifest.xml:14:19
	android:windowSoftInputMode
		ADDED from AndroidManifest.xml:15:19
	android:name
		ADDED from AndroidManifest.xml:13:19
intent-filter#android.intent.action.MAIN+android.intent.category.LAUNCHER
ADDED from AndroidManifest.xml:16:13
action#android.intent.action.MAIN
ADDED from AndroidManifest.xml:17:17
	android:name
		ADDED from AndroidManifest.xml:17:25
category#android.intent.category.LAUNCHER
ADDED from AndroidManifest.xml:18:17
	android:name
		ADDED from AndroidManifest.xml:18:27
activity#com.facebook.LoginActivity
ADDED from AndroidManifest.xml:21:9
	android:label
		ADDED from AndroidManifest.xml:23:19
	android:theme
		ADDED from AndroidManifest.xml:22:19
	android:name
		ADDED from AndroidManifest.xml:21:19
meta-data#com.facebook.sdk.ApplicationId
ADDED from AndroidManifest.xml:24:9
	android:value
		ADDED from AndroidManifest.xml:24:66
	android:name
		ADDED from AndroidManifest.xml:24:20
provider#com.facebook.NativeAppCallContentProvider
ADDED from AndroidManifest.xml:25:9
	android:authorities
		ADDED from AndroidManifest.xml:25:19
	android:exported
		ADDED from AndroidManifest.xml:27:19
	android:name
		ADDED from AndroidManifest.xml:26:19
receiver#com.facebook.samples.hellofacebook.HelloFacebookBroadcastReceiver
ADDED from AndroidManifest.xml:28:9
	android:name
		ADDED from AndroidManifest.xml:28:19
intent-filter#com.facebook.platform.AppCallResultBroadcast
ADDED from AndroidManifest.xml:29:13
action#com.facebook.platform.AppCallResultBroadcast
ADDED from AndroidManifest.xml:30:17
	android:name
		ADDED from AndroidManifest.xml:30:25